<?xml version="1.0" encoding="UTF-8"?>
<testsuite name="com.education.hszg.sort.impl.TestBubbleSort" tests="1" skipped="0" failures="1" errors="0" timestamp="2024-11-14T09:46:42" hostname="WS-I-P313" time="0.024">
  <properties/>
  <testcase name="initializationError" classname="com.education.hszg.sort.impl.TestBubbleSort" time="0.024">
    <failure message="java.lang.IllegalStateException: Method com.education.hszg.sort.impl.TestBubbleSort#testSwap is annotated with @Parameters but there were no parameters provided." type="java.lang.IllegalStateException">java.lang.IllegalStateException: Method com.education.hszg.sort.impl.TestBubbleSort#testSwap is annotated with @Parameters but there were no parameters provided.
	at junitparams.internal.parameters.ParametersReader.noStrategyFound(ParametersReader.java:58)
	at junitparams.internal.parameters.ParametersReader.read(ParametersReader.java:52)
	at junitparams.internal.TestMethod$2.computeValue(TestMethod.java:55)
	at junitparams.internal.TestMethod$2.computeValue(TestMethod.java:52)
	at junitparams.internal.Memoizer.get(Memoizer.java:11)
	at junitparams.internal.TestMethod.parametersSets(TestMethod.java:116)
	at junitparams.internal.TestMethod.hasNoParameters(TestMethod.java:104)
	at junitparams.internal.TestMethod.isIgnored(TestMethod.java:96)
	at junitparams.internal.TestMethod.isNotIgnored(TestMethod.java:108)
	at junitparams.internal.ParameterisedTestClassRunner.addTestMethodForEachParamSet(ParameterisedTestClassRunner.java:86)
	at junitparams.internal.ParameterisedTestClassRunner.computeFrameworkMethods(ParameterisedTestClassRunner.java:60)
	at junitparams.internal.ParameterisedTestClassRunner.&lt;init&gt;(ParameterisedTestClassRunner.java:36)
	at junitparams.JUnitParamsRunner.&lt;init&gt;(JUnitParamsRunner.java:401)
	at java.base/jdk.internal.reflect.DirectConstructorHandleAccessor.newInstance(DirectConstructorHandleAccessor.java:62)
	at java.base/java.lang.reflect.Constructor.newInstanceWithCaller(Constructor.java:502)
	at java.base/java.lang.reflect.Constructor.newInstance(Constructor.java:486)
	at org.junit.internal.builders.AnnotatedBuilder.buildRunner(AnnotatedBuilder.java:104)
	at org.junit.internal.builders.AnnotatedBuilder.runnerForClass(AnnotatedBuilder.java:86)
	at org.junit.runners.model.RunnerBuilder.safeRunnerForClass(RunnerBuilder.java:70)
	at org.junit.internal.builders.AllDefaultPossibilitiesBuilder.runnerForClass(AllDefaultPossibilitiesBuilder.java:37)
	at org.junit.runners.model.RunnerBuilder.safeRunnerForClass(RunnerBuilder.java:70)
	at org.junit.internal.requests.ClassRequest.createRunner(ClassRequest.java:28)
	at org.junit.internal.requests.MemoizingRequest.getRunner(MemoizingRequest.java:19)
	at org.gradle.api.internal.tasks.testing.junit.JUnitTestClassExecutor.runTestClass(JUnitTestClassExecutor.java:78)
	at org.gradle.api.internal.tasks.testing.junit.JUnitTestClassExecutor.execute(JUnitTestClassExecutor.java:58)
	at org.gradle.api.internal.tasks.testing.junit.JUnitTestClassExecutor.execute(JUnitTestClassExecutor.java:38)
	at org.gradle.api.internal.tasks.testing.junit.AbstractJUnitTestClassProcessor.processTestClass(AbstractJUnitTestClassProcessor.java:62)
	at org.gradle.api.internal.tasks.testing.SuiteTestClassProcessor.processTestClass(SuiteTestClassProcessor.java:51)
	at java.base/jdk.internal.reflect.DirectMethodHandleAccessor.invoke(DirectMethodHandleAccessor.java:103)
	at java.base/java.lang.reflect.Method.invoke(Method.java:580)
	at org.gradle.internal.dispatch.ReflectionDispatch.dispatch(ReflectionDispatch.java:36)
	at org.gradle.internal.dispatch.ReflectionDispatch.dispatch(ReflectionDispatch.java:24)
	at org.gradle.internal.dispatch.ContextClassLoaderDispatch.dispatch(ContextClassLoaderDispatch.java:33)
	at org.gradle.internal.dispatch.ProxyDispatchAdapter$DispatchingInvocationHandler.invoke(ProxyDispatchAdapter.java:94)
	at jdk.proxy1/jdk.proxy1.$Proxy2.processTestClass(Unknown Source)
	at org.gradle.api.internal.tasks.testing.worker.TestWorker$2.run(TestWorker.java:176)
	at org.gradle.api.internal.tasks.testing.worker.TestWorker.executeAndMaintainThreadName(TestWorker.java:129)
	at org.gradle.api.internal.tasks.testing.worker.TestWorker.execute(TestWorker.java:100)
	at org.gradle.api.internal.tasks.testing.worker.TestWorker.execute(TestWorker.java:60)
	at org.gradle.process.internal.worker.child.ActionExecutionWorker.execute(ActionExecutionWorker.java:56)
	at org.gradle.process.internal.worker.child.SystemApplicationClassLoaderWorker.call(SystemApplicationClassLoaderWorker.java:133)
	at org.gradle.process.internal.worker.child.SystemApplicationClassLoaderWorker.call(SystemApplicationClassLoaderWorker.java:71)
	at worker.org.gradle.process.internal.worker.GradleWorkerMain.run(GradleWorkerMain.java:69)
	at worker.org.gradle.process.internal.worker.GradleWorkerMain.main(GradleWorkerMain.java:74)
</failure>
  </testcase>
  <system-out><![CDATA[]]></system-out>
  <system-err><![CDATA[]]></system-err>
</testsuite>
